

Processing SiteController#index (for 127.0.0.1 at 2009-05-08 18:43:51) [GET]
  Session ID: b713914aced4d413b3b94d6c104f51ec
  Parameters: {"controller"=>"site", "action"=>"index"}
WARNING: You're using the Ruby-based MySQL library that ships with Rails. This library is not suited for production. Please install the C-based MySQL library instead (gem install mysql).


Processing SiteController#index (for 127.0.0.1 at 2009-05-08 18:43:52) [GET]
  Session ID: b713914aced4d413b3b94d6c104f51ec
  Parameters: {"controller"=>"site", "action"=>"index"}


Errno::ECONNREFUSED (Connection refused - Connection refused):
    C:/Program Files/NetBeans 6.5.1/ruby2/jruby-1.1.4/lib/ruby/gems/1.8/gems/activerecord-2.1.0/lib/active_record/vendor/mysql.rb:111:in `new'
    C:/Program Files/NetBeans 6.5.1/ruby2/jruby-1.1.4/lib/ruby/gems/1.8/gems/activerecord-2.1.0/lib/active_record/vendor/mysql.rb:111:in `real_connect'
    C:/Program Files/NetBeans 6.5.1/ruby2/jruby-1.1.4/lib/ruby/gems/1.8/gems/activerecord-2.1.0/lib/active_record/connection_adapters/mysql_adapter.rb:505:in `connect'
    C:/Program Files/NetBeans 6.5.1/ruby2/jruby-1.1.4/lib/ruby/gems/1.8/gems/activerecord-2.1.0/lib/active_record/connection_adapters/mysql_adapter.rb:183:in `initialize'
    C:/Program Files/NetBeans 6.5.1/ruby2/jruby-1.1.4/lib/ruby/gems/1.8/gems/activerecord-2.1.0/lib/active_record/connection_adapters/mysql_adapter.rb:88:in `mysql_connection'
    C:/Program Files/NetBeans 6.5.1/ruby2/jruby-1.1.4/lib/ruby/gems/1.8/gems/activerecord-2.1.0/lib/active_record/connection_adapters/abstract/connection_specification.rb:292:in `connection='
    C:/Program Files/NetBeans 6.5.1/ruby2/jruby-1.1.4/lib/ruby/gems/1.8/gems/activerecord-2.1.0/lib/active_record/connection_adapters/abstract/connection_specification.rb:260:in `retrieve_connection'
    C:/Program Files/NetBeans 6.5.1/ruby2/jruby-1.1.4/lib/ruby/gems/1.8/gems/activerecord-2.1.0/lib/active_record/connection_adapters/abstract/connection_specification.rb:78:in `connection'
    C:/Program Files/NetBeans 6.5.1/ruby2/jruby-1.1.4/lib/ruby/gems/1.8/gems/activerecord-2.1.0/lib/active_record/query_cache.rb:8:in `cache'
    C:/Program Files/NetBeans 6.5.1/ruby2/jruby-1.1.4/lib/ruby/gems/1.8/gems/actionpack-2.1.0/lib/action_controller/caching/sql_cache.rb:12:in `perform_action_with_caching'
    C:/Program Files/NetBeans 6.5.1/ruby2/jruby-1.1.4/lib/ruby/gems/1.8/gems/actionpack-2.1.0/lib/action_controller/base.rb:529:in `process'
    C:/Program Files/NetBeans 6.5.1/ruby2/jruby-1.1.4/lib/ruby/gems/1.8/gems/actionpack-2.1.0/lib/action_controller/filters.rb:569:in `process_with_filters'
    C:/Program Files/NetBeans 6.5.1/ruby2/jruby-1.1.4/lib/ruby/gems/1.8/gems/actionpack-2.1.0/lib/action_controller/session_management.rb:130:in `process_with_session_management_support'
    C:/Program Files/NetBeans 6.5.1/ruby2/jruby-1.1.4/lib/ruby/gems/1.8/gems/actionpack-2.1.0/lib/action_controller/base.rb:389:in `process'
    C:/Program Files/NetBeans 6.5.1/ruby2/jruby-1.1.4/lib/ruby/gems/1.8/gems/actionpack-2.1.0/lib/action_controller/dispatcher.rb:149:in `handle_request'
    C:/Program Files/NetBeans 6.5.1/ruby2/jruby-1.1.4/lib/ruby/gems/1.8/gems/actionpack-2.1.0/lib/action_controller/dispatcher.rb:107:in `dispatch'
    C:/Program Files/NetBeans 6.5.1/ruby2/jruby-1.1.4/lib/ruby/gems/1.8/gems/actionpack-2.1.0/lib/action_controller/dispatcher.rb:104:in `dispatch'
    C:/Program Files/NetBeans 6.5.1/ruby2/jruby-1.1.4/lib/ruby/gems/1.8/gems/actionpack-2.1.0/lib/action_controller/dispatcher.rb:120:in `dispatch_cgi'
    C:/Program Files/NetBeans 6.5.1/ruby2/jruby-1.1.4/lib/ruby/gems/1.8/gems/actionpack-2.1.0/lib/action_controller/dispatcher.rb:35:in `dispatch'
    C:/Program Files/NetBeans 6.5.1/ruby2/jruby-1.1.4/lib/ruby/gems/1.8/gems/rails-2.1.0/lib/webrick_server.rb:112:in `handle_dispatch'
    C:/Program Files/NetBeans 6.5.1/ruby2/jruby-1.1.4/lib/ruby/gems/1.8/gems/rails-2.1.0/lib/webrick_server.rb:78:in `service'
    C:/Program Files/NetBeans 6.5.1/ruby2/jruby-1.1.4/lib/ruby/1.8/webrick/httpserver.rb:104:in `service'
    C:/Program Files/NetBeans 6.5.1/ruby2/jruby-1.1.4/lib/ruby/1.8/webrick/httpserver.rb:65:in `run'
    C:/Program Files/NetBeans 6.5.1/ruby2/jruby-1.1.4/lib/ruby/1.8/webrick/server.rb:173:in `start_thread'
    :1:in `start'

Rendering C:/Program Files/NetBeans 6.5.1/ruby2/jruby-1.1.4/lib/ruby/gems/1.8/gems/actionpack-2.1.0/lib/action_controller/templates/rescues/layout.erb (internal_server_error)


Processing SiteController#index (for 127.0.0.1 at 2009-05-08 18:44:35) [GET]
  Session ID: BAh7BiIKZmxhc2hJQzonQWN0aW9uQ29udHJvbGxlcjo6Rmxhc2g6OkZsYXNo
SGFzaHsABjoKQHVzZWR7AA==--5be26fc27aa9b3631e39b18af76e0e2902b2defa
  Parameters: {"controller"=>"site", "action"=>"index"}
WARNING: You're using the Ruby-based MySQL library that ships with Rails. This library is not suited for production. Please install the C-based MySQL library instead (gem install mysql).


Processing SiteController#index (for 127.0.0.1 at 2009-05-08 18:44:36) [GET]
  Session ID: BAh7BiIKZmxhc2hJQzonQWN0aW9uQ29udHJvbGxlcjo6Rmxhc2g6OkZsYXNo
SGFzaHsABjoKQHVzZWR7AA==--5be26fc27aa9b3631e39b18af76e0e2902b2defa
  Parameters: {"controller"=>"site", "action"=>"index"}


Errno::ECONNREFUSED (Connection refused - Connection refused):
    C:/Program Files/NetBeans 6.5.1/ruby2/jruby-1.1.4/lib/ruby/gems/1.8/gems/activerecord-2.1.0/lib/active_record/vendor/mysql.rb:111:in `new'
    C:/Program Files/NetBeans 6.5.1/ruby2/jruby-1.1.4/lib/ruby/gems/1.8/gems/activerecord-2.1.0/lib/active_record/vendor/mysql.rb:111:in `real_connect'
    C:/Program Files/NetBeans 6.5.1/ruby2/jruby-1.1.4/lib/ruby/gems/1.8/gems/activerecord-2.1.0/lib/active_record/connection_adapters/mysql_adapter.rb:505:in `connect'
    C:/Program Files/NetBeans 6.5.1/ruby2/jruby-1.1.4/lib/ruby/gems/1.8/gems/activerecord-2.1.0/lib/active_record/connection_adapters/mysql_adapter.rb:183:in `initialize'
    C:/Program Files/NetBeans 6.5.1/ruby2/jruby-1.1.4/lib/ruby/gems/1.8/gems/activerecord-2.1.0/lib/active_record/connection_adapters/mysql_adapter.rb:88:in `mysql_connection'
    C:/Program Files/NetBeans 6.5.1/ruby2/jruby-1.1.4/lib/ruby/gems/1.8/gems/activerecord-2.1.0/lib/active_record/connection_adapters/abstract/connection_specification.rb:292:in `connection='
    C:/Program Files/NetBeans 6.5.1/ruby2/jruby-1.1.4/lib/ruby/gems/1.8/gems/activerecord-2.1.0/lib/active_record/connection_adapters/abstract/connection_specification.rb:260:in `retrieve_connection'
    C:/Program Files/NetBeans 6.5.1/ruby2/jruby-1.1.4/lib/ruby/gems/1.8/gems/activerecord-2.1.0/lib/active_record/connection_adapters/abstract/connection_specification.rb:78:in `connection'
    C:/Program Files/NetBeans 6.5.1/ruby2/jruby-1.1.4/lib/ruby/gems/1.8/gems/activerecord-2.1.0/lib/active_record/query_cache.rb:8:in `cache'
    C:/Program Files/NetBeans 6.5.1/ruby2/jruby-1.1.4/lib/ruby/gems/1.8/gems/actionpack-2.1.0/lib/action_controller/caching/sql_cache.rb:12:in `perform_action_with_caching'
    C:/Program Files/NetBeans 6.5.1/ruby2/jruby-1.1.4/lib/ruby/gems/1.8/gems/actionpack-2.1.0/lib/action_controller/base.rb:529:in `process'
    C:/Program Files/NetBeans 6.5.1/ruby2/jruby-1.1.4/lib/ruby/gems/1.8/gems/actionpack-2.1.0/lib/action_controller/filters.rb:569:in `process_with_filters'
    C:/Program Files/NetBeans 6.5.1/ruby2/jruby-1.1.4/lib/ruby/gems/1.8/gems/actionpack-2.1.0/lib/action_controller/session_management.rb:130:in `process_with_session_management_support'
    C:/Program Files/NetBeans 6.5.1/ruby2/jruby-1.1.4/lib/ruby/gems/1.8/gems/actionpack-2.1.0/lib/action_controller/base.rb:389:in `process'
    C:/Program Files/NetBeans 6.5.1/ruby2/jruby-1.1.4/lib/ruby/gems/1.8/gems/actionpack-2.1.0/lib/action_controller/dispatcher.rb:149:in `handle_request'
    C:/Program Files/NetBeans 6.5.1/ruby2/jruby-1.1.4/lib/ruby/gems/1.8/gems/actionpack-2.1.0/lib/action_controller/dispatcher.rb:107:in `dispatch'
    C:/Program Files/NetBeans 6.5.1/ruby2/jruby-1.1.4/lib/ruby/gems/1.8/gems/actionpack-2.1.0/lib/action_controller/dispatcher.rb:104:in `dispatch'
    C:/Program Files/NetBeans 6.5.1/ruby2/jruby-1.1.4/lib/ruby/gems/1.8/gems/actionpack-2.1.0/lib/action_controller/dispatcher.rb:120:in `dispatch_cgi'
    C:/Program Files/NetBeans 6.5.1/ruby2/jruby-1.1.4/lib/ruby/gems/1.8/gems/actionpack-2.1.0/lib/action_controller/dispatcher.rb:35:in `dispatch'
    C:/Program Files/NetBeans 6.5.1/ruby2/jruby-1.1.4/lib/ruby/gems/1.8/gems/rails-2.1.0/lib/webrick_server.rb:112:in `handle_dispatch'
    C:/Program Files/NetBeans 6.5.1/ruby2/jruby-1.1.4/lib/ruby/gems/1.8/gems/rails-2.1.0/lib/webrick_server.rb:78:in `service'
    C:/Program Files/NetBeans 6.5.1/ruby2/jruby-1.1.4/lib/ruby/1.8/webrick/httpserver.rb:104:in `service'
    C:/Program Files/NetBeans 6.5.1/ruby2/jruby-1.1.4/lib/ruby/1.8/webrick/httpserver.rb:65:in `run'
    C:/Program Files/NetBeans 6.5.1/ruby2/jruby-1.1.4/lib/ruby/1.8/webrick/server.rb:173:in `start_thread'
    :1:in `start'

Rendering C:/Program Files/NetBeans 6.5.1/ruby2/jruby-1.1.4/lib/ruby/gems/1.8/gems/actionpack-2.1.0/lib/action_controller/templates/rescues/layout.erb (internal_server_error)


Processing SiteController#index (for 127.0.0.1 at 2009-05-08 18:45:22) [GET]
  Session ID: BAh7BiIKZmxhc2hJQzonQWN0aW9uQ29udHJvbGxlcjo6Rmxhc2g6OkZsYXNo
SGFzaHsABjoKQHVzZWR7AA==--5be26fc27aa9b3631e39b18af76e0e2902b2defa
  Parameters: {"controller"=>"site", "action"=>"index"}


Processing SiteController#index (for 127.0.0.1 at 2009-05-08 18:45:23) [GET]
  Session ID: BAh7BiIKZmxhc2hJQzonQWN0aW9uQ29udHJvbGxlcjo6Rmxhc2g6OkZsYXNo
SGFzaHsABjoKQHVzZWR7AA==--5be26fc27aa9b3631e39b18af76e0e2902b2defa
  Parameters: {"controller"=>"site", "action"=>"index"}


Errno::ECONNREFUSED (Connection refused - Connection refused):
    C:/Program Files/NetBeans 6.5.1/ruby2/jruby-1.1.4/lib/ruby/gems/1.8/gems/activerecord-2.1.0/lib/active_record/vendor/mysql.rb:111:in `new'
    C:/Program Files/NetBeans 6.5.1/ruby2/jruby-1.1.4/lib/ruby/gems/1.8/gems/activerecord-2.1.0/lib/active_record/vendor/mysql.rb:111:in `real_connect'
    C:/Program Files/NetBeans 6.5.1/ruby2/jruby-1.1.4/lib/ruby/gems/1.8/gems/activerecord-2.1.0/lib/active_record/connection_adapters/mysql_adapter.rb:505:in `connect'
    C:/Program Files/NetBeans 6.5.1/ruby2/jruby-1.1.4/lib/ruby/gems/1.8/gems/activerecord-2.1.0/lib/active_record/connection_adapters/mysql_adapter.rb:183:in `initialize'
    C:/Program Files/NetBeans 6.5.1/ruby2/jruby-1.1.4/lib/ruby/gems/1.8/gems/activerecord-2.1.0/lib/active_record/connection_adapters/mysql_adapter.rb:88:in `mysql_connection'
    C:/Program Files/NetBeans 6.5.1/ruby2/jruby-1.1.4/lib/ruby/gems/1.8/gems/activerecord-2.1.0/lib/active_record/connection_adapters/abstract/connection_specification.rb:292:in `connection='
    C:/Program Files/NetBeans 6.5.1/ruby2/jruby-1.1.4/lib/ruby/gems/1.8/gems/activerecord-2.1.0/lib/active_record/connection_adapters/abstract/connection_specification.rb:260:in `retrieve_connection'
    C:/Program Files/NetBeans 6.5.1/ruby2/jruby-1.1.4/lib/ruby/gems/1.8/gems/activerecord-2.1.0/lib/active_record/connection_adapters/abstract/connection_specification.rb:78:in `connection'
    C:/Program Files/NetBeans 6.5.1/ruby2/jruby-1.1.4/lib/ruby/gems/1.8/gems/activerecord-2.1.0/lib/active_record/query_cache.rb:8:in `cache'
    C:/Program Files/NetBeans 6.5.1/ruby2/jruby-1.1.4/lib/ruby/gems/1.8/gems/actionpack-2.1.0/lib/action_controller/caching/sql_cache.rb:12:in `perform_action_with_caching'
    C:/Program Files/NetBeans 6.5.1/ruby2/jruby-1.1.4/lib/ruby/gems/1.8/gems/actionpack-2.1.0/lib/action_controller/base.rb:529:in `process'
    C:/Program Files/NetBeans 6.5.1/ruby2/jruby-1.1.4/lib/ruby/gems/1.8/gems/actionpack-2.1.0/lib/action_controller/filters.rb:569:in `process_with_filters'
    C:/Program Files/NetBeans 6.5.1/ruby2/jruby-1.1.4/lib/ruby/gems/1.8/gems/actionpack-2.1.0/lib/action_controller/session_management.rb:130:in `process_with_session_management_support'
    C:/Program Files/NetBeans 6.5.1/ruby2/jruby-1.1.4/lib/ruby/gems/1.8/gems/actionpack-2.1.0/lib/action_controller/base.rb:389:in `process'
    C:/Program Files/NetBeans 6.5.1/ruby2/jruby-1.1.4/lib/ruby/gems/1.8/gems/actionpack-2.1.0/lib/action_controller/dispatcher.rb:149:in `handle_request'
    C:/Program Files/NetBeans 6.5.1/ruby2/jruby-1.1.4/lib/ruby/gems/1.8/gems/actionpack-2.1.0/lib/action_controller/dispatcher.rb:107:in `dispatch'
    C:/Program Files/NetBeans 6.5.1/ruby2/jruby-1.1.4/lib/ruby/gems/1.8/gems/actionpack-2.1.0/lib/action_controller/dispatcher.rb:104:in `dispatch'
    C:/Program Files/NetBeans 6.5.1/ruby2/jruby-1.1.4/lib/ruby/gems/1.8/gems/actionpack-2.1.0/lib/action_controller/dispatcher.rb:120:in `dispatch_cgi'
    C:/Program Files/NetBeans 6.5.1/ruby2/jruby-1.1.4/lib/ruby/gems/1.8/gems/actionpack-2.1.0/lib/action_controller/dispatcher.rb:35:in `dispatch'
    C:/Program Files/NetBeans 6.5.1/ruby2/jruby-1.1.4/lib/ruby/gems/1.8/gems/rails-2.1.0/lib/webrick_server.rb:112:in `handle_dispatch'
    C:/Program Files/NetBeans 6.5.1/ruby2/jruby-1.1.4/lib/ruby/gems/1.8/gems/rails-2.1.0/lib/webrick_server.rb:78:in `service'
    C:/Program Files/NetBeans 6.5.1/ruby2/jruby-1.1.4/lib/ruby/1.8/webrick/httpserver.rb:104:in `service'
    C:/Program Files/NetBeans 6.5.1/ruby2/jruby-1.1.4/lib/ruby/1.8/webrick/httpserver.rb:65:in `run'
    C:/Program Files/NetBeans 6.5.1/ruby2/jruby-1.1.4/lib/ruby/1.8/webrick/server.rb:173:in `start_thread'
    :1:in `start'

Rendering C:/Program Files/NetBeans 6.5.1/ruby2/jruby-1.1.4/lib/ruby/gems/1.8/gems/actionpack-2.1.0/lib/action_controller/templates/rescues/layout.erb (internal_server_error)


Processing SiteController#index (for 127.0.0.1 at 2009-05-08 18:49:30) [GET]
  Session ID: BAh7BiIKZmxhc2hJQzonQWN0aW9uQ29udHJvbGxlcjo6Rmxhc2g6OkZsYXNo
SGFzaHsABjoKQHVzZWR7AA==--5be26fc27aa9b3631e39b18af76e0e2902b2defa
  Parameters: {"controller"=>"site", "action"=>"index"}
WARNING: You're using the Ruby-based MySQL library that ships with Rails. This library is not suited for production. Please install the C-based MySQL library instead (gem install mysql).


Processing SiteController#index (for 127.0.0.1 at 2009-05-08 18:49:32) [GET]
  Session ID: BAh7BiIKZmxhc2hJQzonQWN0aW9uQ29udHJvbGxlcjo6Rmxhc2g6OkZsYXNo
SGFzaHsABjoKQHVzZWR7AA==--5be26fc27aa9b3631e39b18af76e0e2902b2defa
  Parameters: {"controller"=>"site", "action"=>"index"}


Errno::ECONNREFUSED (Connection refused - Connection refused):
    C:/Program Files/NetBeans 6.5.1/ruby2/jruby-1.1.4/lib/ruby/gems/1.8/gems/activerecord-2.1.0/lib/active_record/vendor/mysql.rb:111:in `new'
    C:/Program Files/NetBeans 6.5.1/ruby2/jruby-1.1.4/lib/ruby/gems/1.8/gems/activerecord-2.1.0/lib/active_record/vendor/mysql.rb:111:in `real_connect'
    C:/Program Files/NetBeans 6.5.1/ruby2/jruby-1.1.4/lib/ruby/gems/1.8/gems/activerecord-2.1.0/lib/active_record/connection_adapters/mysql_adapter.rb:505:in `connect'
    C:/Program Files/NetBeans 6.5.1/ruby2/jruby-1.1.4/lib/ruby/gems/1.8/gems/activerecord-2.1.0/lib/active_record/connection_adapters/mysql_adapter.rb:183:in `initialize'
    C:/Program Files/NetBeans 6.5.1/ruby2/jruby-1.1.4/lib/ruby/gems/1.8/gems/activerecord-2.1.0/lib/active_record/connection_adapters/mysql_adapter.rb:88:in `mysql_connection'
    C:/Program Files/NetBeans 6.5.1/ruby2/jruby-1.1.4/lib/ruby/gems/1.8/gems/activerecord-2.1.0/lib/active_record/connection_adapters/abstract/connection_specification.rb:292:in `connection='
    C:/Program Files/NetBeans 6.5.1/ruby2/jruby-1.1.4/lib/ruby/gems/1.8/gems/activerecord-2.1.0/lib/active_record/connection_adapters/abstract/connection_specification.rb:260:in `retrieve_connection'
    C:/Program Files/NetBeans 6.5.1/ruby2/jruby-1.1.4/lib/ruby/gems/1.8/gems/activerecord-2.1.0/lib/active_record/connection_adapters/abstract/connection_specification.rb:78:in `connection'
    C:/Program Files/NetBeans 6.5.1/ruby2/jruby-1.1.4/lib/ruby/gems/1.8/gems/activerecord-2.1.0/lib/active_record/query_cache.rb:8:in `cache'
    C:/Program Files/NetBeans 6.5.1/ruby2/jruby-1.1.4/lib/ruby/gems/1.8/gems/actionpack-2.1.0/lib/action_controller/caching/sql_cache.rb:12:in `perform_action_with_caching'
    C:/Program Files/NetBeans 6.5.1/ruby2/jruby-1.1.4/lib/ruby/gems/1.8/gems/actionpack-2.1.0/lib/action_controller/base.rb:529:in `process'
    C:/Program Files/NetBeans 6.5.1/ruby2/jruby-1.1.4/lib/ruby/gems/1.8/gems/actionpack-2.1.0/lib/action_controller/filters.rb:569:in `process_with_filters'
    C:/Program Files/NetBeans 6.5.1/ruby2/jruby-1.1.4/lib/ruby/gems/1.8/gems/actionpack-2.1.0/lib/action_controller/session_management.rb:130:in `process_with_session_management_support'
    C:/Program Files/NetBeans 6.5.1/ruby2/jruby-1.1.4/lib/ruby/gems/1.8/gems/actionpack-2.1.0/lib/action_controller/base.rb:389:in `process'
    C:/Program Files/NetBeans 6.5.1/ruby2/jruby-1.1.4/lib/ruby/gems/1.8/gems/actionpack-2.1.0/lib/action_controller/dispatcher.rb:149:in `handle_request'
    C:/Program Files/NetBeans 6.5.1/ruby2/jruby-1.1.4/lib/ruby/gems/1.8/gems/actionpack-2.1.0/lib/action_controller/dispatcher.rb:107:in `dispatch'
    C:/Program Files/NetBeans 6.5.1/ruby2/jruby-1.1.4/lib/ruby/gems/1.8/gems/actionpack-2.1.0/lib/action_controller/dispatcher.rb:104:in `dispatch'
    C:/Program Files/NetBeans 6.5.1/ruby2/jruby-1.1.4/lib/ruby/gems/1.8/gems/actionpack-2.1.0/lib/action_controller/dispatcher.rb:120:in `dispatch_cgi'
    C:/Program Files/NetBeans 6.5.1/ruby2/jruby-1.1.4/lib/ruby/gems/1.8/gems/actionpack-2.1.0/lib/action_controller/dispatcher.rb:35:in `dispatch'
    C:/Program Files/NetBeans 6.5.1/ruby2/jruby-1.1.4/lib/ruby/gems/1.8/gems/rails-2.1.0/lib/webrick_server.rb:112:in `handle_dispatch'
    C:/Program Files/NetBeans 6.5.1/ruby2/jruby-1.1.4/lib/ruby/gems/1.8/gems/rails-2.1.0/lib/webrick_server.rb:78:in `service'
    C:/Program Files/NetBeans 6.5.1/ruby2/jruby-1.1.4/lib/ruby/1.8/webrick/httpserver.rb:104:in `service'
    C:/Program Files/NetBeans 6.5.1/ruby2/jruby-1.1.4/lib/ruby/1.8/webrick/httpserver.rb:65:in `run'
    C:/Program Files/NetBeans 6.5.1/ruby2/jruby-1.1.4/lib/ruby/1.8/webrick/server.rb:173:in `start_thread'
    :1:in `start'

Rendering C:/Program Files/NetBeans 6.5.1/ruby2/jruby-1.1.4/lib/ruby/gems/1.8/gems/actionpack-2.1.0/lib/action_controller/templates/rescues/layout.erb (internal_server_error)


Processing SiteController#index (for 127.0.0.1 at 2009-05-08 18:50:36) [GET]
  Session ID: BAh7BiIKZmxhc2hJQzonQWN0aW9uQ29udHJvbGxlcjo6Rmxhc2g6OkZsYXNo
SGFzaHsABjoKQHVzZWR7AA==--5be26fc27aa9b3631e39b18af76e0e2902b2defa
  Parameters: {"controller"=>"site", "action"=>"index"}


Processing SiteController#index (for 127.0.0.1 at 2009-05-08 18:50:36) [GET]
  Session ID: BAh7BiIKZmxhc2hJQzonQWN0aW9uQ29udHJvbGxlcjo6Rmxhc2g6OkZsYXNo
SGFzaHsABjoKQHVzZWR7AA==--5be26fc27aa9b3631e39b18af76e0e2902b2defa
  Parameters: {"controller"=>"site", "action"=>"index"}


Mysql::Error (#42000Unknown database 'railsspace_development'):
    C:/Program Files/NetBeans 6.5.1/ruby2/jruby-1.1.4/lib/ruby/gems/1.8/gems/activerecord-2.1.0/lib/active_record/vendor/mysql.rb:523:in `read'
    C:/Program Files/NetBeans 6.5.1/ruby2/jruby-1.1.4/lib/ruby/gems/1.8/gems/activerecord-2.1.0/lib/active_record/vendor/mysql.rb:153:in `real_connect'
    C:/Program Files/NetBeans 6.5.1/ruby2/jruby-1.1.4/lib/ruby/gems/1.8/gems/activerecord-2.1.0/lib/active_record/connection_adapters/mysql_adapter.rb:505:in `connect'
    C:/Program Files/NetBeans 6.5.1/ruby2/jruby-1.1.4/lib/ruby/gems/1.8/gems/activerecord-2.1.0/lib/active_record/connection_adapters/mysql_adapter.rb:183:in `initialize'
    C:/Program Files/NetBeans 6.5.1/ruby2/jruby-1.1.4/lib/ruby/gems/1.8/gems/activerecord-2.1.0/lib/active_record/connection_adapters/mysql_adapter.rb:88:in `mysql_connection'
    C:/Program Files/NetBeans 6.5.1/ruby2/jruby-1.1.4/lib/ruby/gems/1.8/gems/activerecord-2.1.0/lib/active_record/connection_adapters/abstract/connection_specification.rb:292:in `connection='
    C:/Program Files/NetBeans 6.5.1/ruby2/jruby-1.1.4/lib/ruby/gems/1.8/gems/activerecord-2.1.0/lib/active_record/connection_adapters/abstract/connection_specification.rb:260:in `retrieve_connection'
    C:/Program Files/NetBeans 6.5.1/ruby2/jruby-1.1.4/lib/ruby/gems/1.8/gems/activerecord-2.1.0/lib/active_record/connection_adapters/abstract/connection_specification.rb:78:in `connection'
    C:/Program Files/NetBeans 6.5.1/ruby2/jruby-1.1.4/lib/ruby/gems/1.8/gems/activerecord-2.1.0/lib/active_record/query_cache.rb:8:in `cache'
    C:/Program Files/NetBeans 6.5.1/ruby2/jruby-1.1.4/lib/ruby/gems/1.8/gems/actionpack-2.1.0/lib/action_controller/caching/sql_cache.rb:12:in `perform_action_with_caching'
    C:/Program Files/NetBeans 6.5.1/ruby2/jruby-1.1.4/lib/ruby/gems/1.8/gems/actionpack-2.1.0/lib/action_controller/base.rb:529:in `process'
    C:/Program Files/NetBeans 6.5.1/ruby2/jruby-1.1.4/lib/ruby/gems/1.8/gems/actionpack-2.1.0/lib/action_controller/filters.rb:569:in `process_with_filters'
    C:/Program Files/NetBeans 6.5.1/ruby2/jruby-1.1.4/lib/ruby/gems/1.8/gems/actionpack-2.1.0/lib/action_controller/session_management.rb:130:in `process_with_session_management_support'
    C:/Program Files/NetBeans 6.5.1/ruby2/jruby-1.1.4/lib/ruby/gems/1.8/gems/actionpack-2.1.0/lib/action_controller/base.rb:389:in `process'
    C:/Program Files/NetBeans 6.5.1/ruby2/jruby-1.1.4/lib/ruby/gems/1.8/gems/actionpack-2.1.0/lib/action_controller/dispatcher.rb:149:in `handle_request'
    C:/Program Files/NetBeans 6.5.1/ruby2/jruby-1.1.4/lib/ruby/gems/1.8/gems/actionpack-2.1.0/lib/action_controller/dispatcher.rb:107:in `dispatch'
    C:/Program Files/NetBeans 6.5.1/ruby2/jruby-1.1.4/lib/ruby/gems/1.8/gems/actionpack-2.1.0/lib/action_controller/dispatcher.rb:104:in `dispatch'
    C:/Program Files/NetBeans 6.5.1/ruby2/jruby-1.1.4/lib/ruby/gems/1.8/gems/actionpack-2.1.0/lib/action_controller/dispatcher.rb:120:in `dispatch_cgi'
    C:/Program Files/NetBeans 6.5.1/ruby2/jruby-1.1.4/lib/ruby/gems/1.8/gems/actionpack-2.1.0/lib/action_controller/dispatcher.rb:35:in `dispatch'
    C:/Program Files/NetBeans 6.5.1/ruby2/jruby-1.1.4/lib/ruby/gems/1.8/gems/rails-2.1.0/lib/webrick_server.rb:112:in `handle_dispatch'
    C:/Program Files/NetBeans 6.5.1/ruby2/jruby-1.1.4/lib/ruby/gems/1.8/gems/rails-2.1.0/lib/webrick_server.rb:78:in `service'
    C:/Program Files/NetBeans 6.5.1/ruby2/jruby-1.1.4/lib/ruby/1.8/webrick/httpserver.rb:104:in `service'
    C:/Program Files/NetBeans 6.5.1/ruby2/jruby-1.1.4/lib/ruby/1.8/webrick/httpserver.rb:65:in `run'
    C:/Program Files/NetBeans 6.5.1/ruby2/jruby-1.1.4/lib/ruby/1.8/webrick/server.rb:173:in `start_thread'
    :1:in `start'

Rendering C:/Program Files/NetBeans 6.5.1/ruby2/jruby-1.1.4/lib/ruby/gems/1.8/gems/actionpack-2.1.0/lib/action_controller/templates/rescues/layout.erb (internal_server_error)


Processing SiteController#index (for 127.0.0.1 at 2009-05-08 18:50:51) [GET]
  Session ID: BAh7BiIKZmxhc2hJQzonQWN0aW9uQ29udHJvbGxlcjo6Rmxhc2g6OkZsYXNo
SGFzaHsABjoKQHVzZWR7AA==--5be26fc27aa9b3631e39b18af76e0e2902b2defa
  Parameters: {"controller"=>"site", "action"=>"index"}


Processing SiteController#index (for 127.0.0.1 at 2009-05-08 18:50:51) [GET]
  Session ID: BAh7BiIKZmxhc2hJQzonQWN0aW9uQ29udHJvbGxlcjo6Rmxhc2g6OkZsYXNo
SGFzaHsABjoKQHVzZWR7AA==--5be26fc27aa9b3631e39b18af76e0e2902b2defa
  Parameters: {"controller"=>"site", "action"=>"index"}


Mysql::Error (#42000Unknown database 'railsspace_development'):
    C:/Program Files/NetBeans 6.5.1/ruby2/jruby-1.1.4/lib/ruby/gems/1.8/gems/activerecord-2.1.0/lib/active_record/vendor/mysql.rb:523:in `read'
    C:/Program Files/NetBeans 6.5.1/ruby2/jruby-1.1.4/lib/ruby/gems/1.8/gems/activerecord-2.1.0/lib/active_record/vendor/mysql.rb:153:in `real_connect'
    C:/Program Files/NetBeans 6.5.1/ruby2/jruby-1.1.4/lib/ruby/gems/1.8/gems/activerecord-2.1.0/lib/active_record/connection_adapters/mysql_adapter.rb:505:in `connect'
    C:/Program Files/NetBeans 6.5.1/ruby2/jruby-1.1.4/lib/ruby/gems/1.8/gems/activerecord-2.1.0/lib/active_record/connection_adapters/mysql_adapter.rb:183:in `initialize'
    C:/Program Files/NetBeans 6.5.1/ruby2/jruby-1.1.4/lib/ruby/gems/1.8/gems/activerecord-2.1.0/lib/active_record/connection_adapters/mysql_adapter.rb:88:in `mysql_connection'
    C:/Program Files/NetBeans 6.5.1/ruby2/jruby-1.1.4/lib/ruby/gems/1.8/gems/activerecord-2.1.0/lib/active_record/connection_adapters/abstract/connection_specification.rb:292:in `connection='
    C:/Program Files/NetBeans 6.5.1/ruby2/jruby-1.1.4/lib/ruby/gems/1.8/gems/activerecord-2.1.0/lib/active_record/connection_adapters/abstract/connection_specification.rb:260:in `retrieve_connection'
    C:/Program Files/NetBeans 6.5.1/ruby2/jruby-1.1.4/lib/ruby/gems/1.8/gems/activerecord-2.1.0/lib/active_record/connection_adapters/abstract/connection_specification.rb:78:in `connection'
    C:/Program Files/NetBeans 6.5.1/ruby2/jruby-1.1.4/lib/ruby/gems/1.8/gems/activerecord-2.1.0/lib/active_record/query_cache.rb:8:in `cache'
    C:/Program Files/NetBeans 6.5.1/ruby2/jruby-1.1.4/lib/ruby/gems/1.8/gems/actionpack-2.1.0/lib/action_controller/caching/sql_cache.rb:12:in `perform_action_with_caching'
    C:/Program Files/NetBeans 6.5.1/ruby2/jruby-1.1.4/lib/ruby/gems/1.8/gems/actionpack-2.1.0/lib/action_controller/base.rb:529:in `process'
    C:/Program Files/NetBeans 6.5.1/ruby2/jruby-1.1.4/lib/ruby/gems/1.8/gems/actionpack-2.1.0/lib/action_controller/filters.rb:569:in `process_with_filters'
    C:/Program Files/NetBeans 6.5.1/ruby2/jruby-1.1.4/lib/ruby/gems/1.8/gems/actionpack-2.1.0/lib/action_controller/session_management.rb:130:in `process_with_session_management_support'
    C:/Program Files/NetBeans 6.5.1/ruby2/jruby-1.1.4/lib/ruby/gems/1.8/gems/actionpack-2.1.0/lib/action_controller/base.rb:389:in `process'
    C:/Program Files/NetBeans 6.5.1/ruby2/jruby-1.1.4/lib/ruby/gems/1.8/gems/actionpack-2.1.0/lib/action_controller/dispatcher.rb:149:in `handle_request'
    C:/Program Files/NetBeans 6.5.1/ruby2/jruby-1.1.4/lib/ruby/gems/1.8/gems/actionpack-2.1.0/lib/action_controller/dispatcher.rb:107:in `dispatch'
    C:/Program Files/NetBeans 6.5.1/ruby2/jruby-1.1.4/lib/ruby/gems/1.8/gems/actionpack-2.1.0/lib/action_controller/dispatcher.rb:104:in `dispatch'
    C:/Program Files/NetBeans 6.5.1/ruby2/jruby-1.1.4/lib/ruby/gems/1.8/gems/actionpack-2.1.0/lib/action_controller/dispatcher.rb:120:in `dispatch_cgi'
    C:/Program Files/NetBeans 6.5.1/ruby2/jruby-1.1.4/lib/ruby/gems/1.8/gems/actionpack-2.1.0/lib/action_controller/dispatcher.rb:35:in `dispatch'
    C:/Program Files/NetBeans 6.5.1/ruby2/jruby-1.1.4/lib/ruby/gems/1.8/gems/rails-2.1.0/lib/webrick_server.rb:112:in `handle_dispatch'
    C:/Program Files/NetBeans 6.5.1/ruby2/jruby-1.1.4/lib/ruby/gems/1.8/gems/rails-2.1.0/lib/webrick_server.rb:78:in `service'
    C:/Program Files/NetBeans 6.5.1/ruby2/jruby-1.1.4/lib/ruby/1.8/webrick/httpserver.rb:104:in `service'
    C:/Program Files/NetBeans 6.5.1/ruby2/jruby-1.1.4/lib/ruby/1.8/webrick/httpserver.rb:65:in `run'
    C:/Program Files/NetBeans 6.5.1/ruby2/jruby-1.1.4/lib/ruby/1.8/webrick/server.rb:173:in `start_thread'
    :1:in `start'

Rendering C:/Program Files/NetBeans 6.5.1/ruby2/jruby-1.1.4/lib/ruby/gems/1.8/gems/actionpack-2.1.0/lib/action_controller/templates/rescues/layout.erb (internal_server_error)


Processing SiteController#index (for 127.0.0.1 at 2009-05-08 18:50:57) [GET]
  Session ID: BAh7BiIKZmxhc2hJQzonQWN0aW9uQ29udHJvbGxlcjo6Rmxhc2g6OkZsYXNo
SGFzaHsABjoKQHVzZWR7AA==--5be26fc27aa9b3631e39b18af76e0e2902b2defa
  Parameters: {"controller"=>"site", "action"=>"index"}


Processing SiteController#index (for 127.0.0.1 at 2009-05-08 18:50:57) [GET]
  Session ID: BAh7BiIKZmxhc2hJQzonQWN0aW9uQ29udHJvbGxlcjo6Rmxhc2g6OkZsYXNo
SGFzaHsABjoKQHVzZWR7AA==--5be26fc27aa9b3631e39b18af76e0e2902b2defa
  Parameters: {"controller"=>"site", "action"=>"index"}


Mysql::Error (#42000Unknown database 'railsspace_development'):
    C:/Program Files/NetBeans 6.5.1/ruby2/jruby-1.1.4/lib/ruby/gems/1.8/gems/activerecord-2.1.0/lib/active_record/vendor/mysql.rb:523:in `read'
    C:/Program Files/NetBeans 6.5.1/ruby2/jruby-1.1.4/lib/ruby/gems/1.8/gems/activerecord-2.1.0/lib/active_record/vendor/mysql.rb:153:in `real_connect'
    C:/Program Files/NetBeans 6.5.1/ruby2/jruby-1.1.4/lib/ruby/gems/1.8/gems/activerecord-2.1.0/lib/active_record/connection_adapters/mysql_adapter.rb:505:in `connect'
    C:/Program Files/NetBeans 6.5.1/ruby2/jruby-1.1.4/lib/ruby/gems/1.8/gems/activerecord-2.1.0/lib/active_record/connection_adapters/mysql_adapter.rb:183:in `initialize'
    C:/Program Files/NetBeans 6.5.1/ruby2/jruby-1.1.4/lib/ruby/gems/1.8/gems/activerecord-2.1.0/lib/active_record/connection_adapters/mysql_adapter.rb:88:in `mysql_connection'
    C:/Program Files/NetBeans 6.5.1/ruby2/jruby-1.1.4/lib/ruby/gems/1.8/gems/activerecord-2.1.0/lib/active_record/connection_adapters/abstract/connection_specification.rb:292:in `connection='
    C:/Program Files/NetBeans 6.5.1/ruby2/jruby-1.1.4/lib/ruby/gems/1.8/gems/activerecord-2.1.0/lib/active_record/connection_adapters/abstract/connection_specification.rb:260:in `retrieve_connection'
    C:/Program Files/NetBeans 6.5.1/ruby2/jruby-1.1.4/lib/ruby/gems/1.8/gems/activerecord-2.1.0/lib/active_record/connection_adapters/abstract/connection_specification.rb:78:in `connection'
    C:/Program Files/NetBeans 6.5.1/ruby2/jruby-1.1.4/lib/ruby/gems/1.8/gems/activerecord-2.1.0/lib/active_record/query_cache.rb:8:in `cache'
    C:/Program Files/NetBeans 6.5.1/ruby2/jruby-1.1.4/lib/ruby/gems/1.8/gems/actionpack-2.1.0/lib/action_controller/caching/sql_cache.rb:12:in `perform_action_with_caching'
    C:/Program Files/NetBeans 6.5.1/ruby2/jruby-1.1.4/lib/ruby/gems/1.8/gems/actionpack-2.1.0/lib/action_controller/base.rb:529:in `process'
    C:/Program Files/NetBeans 6.5.1/ruby2/jruby-1.1.4/lib/ruby/gems/1.8/gems/actionpack-2.1.0/lib/action_controller/filters.rb:569:in `process_with_filters'
    C:/Program Files/NetBeans 6.5.1/ruby2/jruby-1.1.4/lib/ruby/gems/1.8/gems/actionpack-2.1.0/lib/action_controller/session_management.rb:130:in `process_with_session_management_support'
    C:/Program Files/NetBeans 6.5.1/ruby2/jruby-1.1.4/lib/ruby/gems/1.8/gems/actionpack-2.1.0/lib/action_controller/base.rb:389:in `process'
    C:/Program Files/NetBeans 6.5.1/ruby2/jruby-1.1.4/lib/ruby/gems/1.8/gems/actionpack-2.1.0/lib/action_controller/dispatcher.rb:149:in `handle_request'
    C:/Program Files/NetBeans 6.5.1/ruby2/jruby-1.1.4/lib/ruby/gems/1.8/gems/actionpack-2.1.0/lib/action_controller/dispatcher.rb:107:in `dispatch'
    C:/Program Files/NetBeans 6.5.1/ruby2/jruby-1.1.4/lib/ruby/gems/1.8/gems/actionpack-2.1.0/lib/action_controller/dispatcher.rb:104:in `dispatch'
    C:/Program Files/NetBeans 6.5.1/ruby2/jruby-1.1.4/lib/ruby/gems/1.8/gems/actionpack-2.1.0/lib/action_controller/dispatcher.rb:120:in `dispatch_cgi'
    C:/Program Files/NetBeans 6.5.1/ruby2/jruby-1.1.4/lib/ruby/gems/1.8/gems/actionpack-2.1.0/lib/action_controller/dispatcher.rb:35:in `dispatch'
    C:/Program Files/NetBeans 6.5.1/ruby2/jruby-1.1.4/lib/ruby/gems/1.8/gems/rails-2.1.0/lib/webrick_server.rb:112:in `handle_dispatch'
    C:/Program Files/NetBeans 6.5.1/ruby2/jruby-1.1.4/lib/ruby/gems/1.8/gems/rails-2.1.0/lib/webrick_server.rb:78:in `service'
    C:/Program Files/NetBeans 6.5.1/ruby2/jruby-1.1.4/lib/ruby/1.8/webrick/httpserver.rb:104:in `service'
    C:/Program Files/NetBeans 6.5.1/ruby2/jruby-1.1.4/lib/ruby/1.8/webrick/httpserver.rb:65:in `run'
    C:/Program Files/NetBeans 6.5.1/ruby2/jruby-1.1.4/lib/ruby/1.8/webrick/server.rb:173:in `start_thread'
    :1:in `start'

Rendering C:/Program Files/NetBeans 6.5.1/ruby2/jruby-1.1.4/lib/ruby/gems/1.8/gems/actionpack-2.1.0/lib/action_controller/templates/rescues/layout.erb (internal_server_error)


Processing SiteController#index (for 127.0.0.1 at 2009-05-08 18:51:54) [GET]
  Session ID: BAh7BiIKZmxhc2hJQzonQWN0aW9uQ29udHJvbGxlcjo6Rmxhc2g6OkZsYXNo
SGFzaHsABjoKQHVzZWR7AA==--5be26fc27aa9b3631e39b18af76e0e2902b2defa
  Parameters: {"controller"=>"site", "action"=>"index"}
WARNING: You're using the Ruby-based MySQL library that ships with Rails. This library is not suited for production. Please install the C-based MySQL library instead (gem install mysql).


Processing SiteController#index (for 127.0.0.1 at 2009-05-08 18:51:54) [GET]
  Session ID: BAh7BiIKZmxhc2hJQzonQWN0aW9uQ29udHJvbGxlcjo6Rmxhc2g6OkZsYXNo
SGFzaHsABjoKQHVzZWR7AA==--5be26fc27aa9b3631e39b18af76e0e2902b2defa
  Parameters: {"controller"=>"site", "action"=>"index"}


Mysql::Error (#42000Unknown database 'railsspace_development'):
    C:/Program Files/NetBeans 6.5.1/ruby2/jruby-1.1.4/lib/ruby/gems/1.8/gems/activerecord-2.1.0/lib/active_record/vendor/mysql.rb:523:in `read'
    C:/Program Files/NetBeans 6.5.1/ruby2/jruby-1.1.4/lib/ruby/gems/1.8/gems/activerecord-2.1.0/lib/active_record/vendor/mysql.rb:153:in `real_connect'
    C:/Program Files/NetBeans 6.5.1/ruby2/jruby-1.1.4/lib/ruby/gems/1.8/gems/activerecord-2.1.0/lib/active_record/connection_adapters/mysql_adapter.rb:505:in `connect'
    C:/Program Files/NetBeans 6.5.1/ruby2/jruby-1.1.4/lib/ruby/gems/1.8/gems/activerecord-2.1.0/lib/active_record/connection_adapters/mysql_adapter.rb:183:in `initialize'
    C:/Program Files/NetBeans 6.5.1/ruby2/jruby-1.1.4/lib/ruby/gems/1.8/gems/activerecord-2.1.0/lib/active_record/connection_adapters/mysql_adapter.rb:88:in `mysql_connection'
    C:/Program Files/NetBeans 6.5.1/ruby2/jruby-1.1.4/lib/ruby/gems/1.8/gems/activerecord-2.1.0/lib/active_record/connection_adapters/abstract/connection_specification.rb:292:in `connection='
    C:/Program Files/NetBeans 6.5.1/ruby2/jruby-1.1.4/lib/ruby/gems/1.8/gems/activerecord-2.1.0/lib/active_record/connection_adapters/abstract/connection_specification.rb:260:in `retrieve_connection'
    C:/Program Files/NetBeans 6.5.1/ruby2/jruby-1.1.4/lib/ruby/gems/1.8/gems/activerecord-2.1.0/lib/active_record/connection_adapters/abstract/connection_specification.rb:78:in `connection'
    C:/Program Files/NetBeans 6.5.1/ruby2/jruby-1.1.4/lib/ruby/gems/1.8/gems/activerecord-2.1.0/lib/active_record/query_cache.rb:8:in `cache'
    C:/Program Files/NetBeans 6.5.1/ruby2/jruby-1.1.4/lib/ruby/gems/1.8/gems/actionpack-2.1.0/lib/action_controller/caching/sql_cache.rb:12:in `perform_action_with_caching'
    C:/Program Files/NetBeans 6.5.1/ruby2/jruby-1.1.4/lib/ruby/gems/1.8/gems/actionpack-2.1.0/lib/action_controller/base.rb:529:in `process'
    C:/Program Files/NetBeans 6.5.1/ruby2/jruby-1.1.4/lib/ruby/gems/1.8/gems/actionpack-2.1.0/lib/action_controller/filters.rb:569:in `process_with_filters'
    C:/Program Files/NetBeans 6.5.1/ruby2/jruby-1.1.4/lib/ruby/gems/1.8/gems/actionpack-2.1.0/lib/action_controller/session_management.rb:130:in `process_with_session_management_support'
    C:/Program Files/NetBeans 6.5.1/ruby2/jruby-1.1.4/lib/ruby/gems/1.8/gems/actionpack-2.1.0/lib/action_controller/base.rb:389:in `process'
    C:/Program Files/NetBeans 6.5.1/ruby2/jruby-1.1.4/lib/ruby/gems/1.8/gems/actionpack-2.1.0/lib/action_controller/dispatcher.rb:149:in `handle_request'
    C:/Program Files/NetBeans 6.5.1/ruby2/jruby-1.1.4/lib/ruby/gems/1.8/gems/actionpack-2.1.0/lib/action_controller/dispatcher.rb:107:in `dispatch'
    C:/Program Files/NetBeans 6.5.1/ruby2/jruby-1.1.4/lib/ruby/gems/1.8/gems/actionpack-2.1.0/lib/action_controller/dispatcher.rb:104:in `dispatch'
    C:/Program Files/NetBeans 6.5.1/ruby2/jruby-1.1.4/lib/ruby/gems/1.8/gems/actionpack-2.1.0/lib/action_controller/dispatcher.rb:120:in `dispatch_cgi'
    C:/Program Files/NetBeans 6.5.1/ruby2/jruby-1.1.4/lib/ruby/gems/1.8/gems/actionpack-2.1.0/lib/action_controller/dispatcher.rb:35:in `dispatch'
    C:/Program Files/NetBeans 6.5.1/ruby2/jruby-1.1.4/lib/ruby/gems/1.8/gems/rails-2.1.0/lib/webrick_server.rb:112:in `handle_dispatch'
    C:/Program Files/NetBeans 6.5.1/ruby2/jruby-1.1.4/lib/ruby/gems/1.8/gems/rails-2.1.0/lib/webrick_server.rb:78:in `service'
    C:/Program Files/NetBeans 6.5.1/ruby2/jruby-1.1.4/lib/ruby/1.8/webrick/httpserver.rb:104:in `service'
    C:/Program Files/NetBeans 6.5.1/ruby2/jruby-1.1.4/lib/ruby/1.8/webrick/httpserver.rb:65:in `run'
    C:/Program Files/NetBeans 6.5.1/ruby2/jruby-1.1.4/lib/ruby/1.8/webrick/server.rb:173:in `start_thread'
    :1:in `start'

Rendering C:/Program Files/NetBeans 6.5.1/ruby2/jruby-1.1.4/lib/ruby/gems/1.8/gems/actionpack-2.1.0/lib/action_controller/templates/rescues/layout.erb (internal_server_error)


Processing SiteController#index (for 127.0.0.1 at 2009-05-08 18:53:03) [GET]
  Session ID: BAh7BiIKZmxhc2hJQzonQWN0aW9uQ29udHJvbGxlcjo6Rmxhc2g6OkZsYXNo
SGFzaHsABjoKQHVzZWR7AA==--5be26fc27aa9b3631e39b18af76e0e2902b2defa
  Parameters: {"controller"=>"site", "action"=>"index"}
  [4;36;1mSQL (0.000996)[0m   [0;1mSET NAMES 'utf8'[0m
  [4;35;1mSQL (0.000916)[0m   [0mSET SQL_AUTO_IS_NULL=0[0m
Rendering site/index
Completed in 0.01790 (55 reqs/sec) | Rendering: 0.01083 (60%) | DB: 0.00191 (10%) | 200 OK [http://localhost/]


Processing SiteController#index (for 127.0.0.1 at 2009-05-08 18:55:01) [GET]
  Session ID: BAh7BiIKZmxhc2hJQzonQWN0aW9uQ29udHJvbGxlcjo6Rmxhc2g6OkZsYXNo
SGFzaHsABjoKQHVzZWR7AA==--5be26fc27aa9b3631e39b18af76e0e2902b2defa
  Parameters: {"controller"=>"site", "action"=>"index"}
Rendering site/index
Completed in 0.01389 (71 reqs/sec) | Rendering: 0.00752 (54%) | DB: 0.00000 (0%) | 200 OK [http://localhost/]


Processing SiteController#index (for 127.0.0.1 at 2009-05-08 18:56:18) [GET]
  Session ID: BAh7BiIKZmxhc2hJQzonQWN0aW9uQ29udHJvbGxlcjo6Rmxhc2g6OkZsYXNo
SGFzaHsABjoKQHVzZWR7AA==--5be26fc27aa9b3631e39b18af76e0e2902b2defa
  Parameters: {"controller"=>"site", "action"=>"index"}
Rendering site/index
Completed in 0.00503 (198 reqs/sec) | Rendering: 0.00240 (47%) | DB: 0.00000 (0%) | 200 OK [http://localhost/]


Processing ApplicationController#index (for 127.0.0.1 at 2009-05-08 18:56:21) [GET]
  Session ID: BAh7BiIKZmxhc2hJQzonQWN0aW9uQ29udHJvbGxlcjo6Rmxhc2g6OkZsYXNo
SGFzaHsABjoKQHVzZWR7AA==--5be26fc27aa9b3631e39b18af76e0e2902b2defa
  Parameters: {}


ActionController::RoutingError (No route matches "/help" with {:method=>:get}):
    C:/Program Files/NetBeans 6.5.1/ruby2/jruby-1.1.4/lib/ruby/gems/1.8/gems/actionpack-2.1.0/lib/action_controller/routing/recognition_optimisation.rb:67:in `recognize_path'
    C:/Program Files/NetBeans 6.5.1/ruby2/jruby-1.1.4/lib/ruby/gems/1.8/gems/actionpack-2.1.0/lib/action_controller/routing/route_set.rb:384:in `recognize'
    C:/Program Files/NetBeans 6.5.1/ruby2/jruby-1.1.4/lib/ruby/gems/1.8/gems/actionpack-2.1.0/lib/action_controller/dispatcher.rb:148:in `handle_request'
    C:/Program Files/NetBeans 6.5.1/ruby2/jruby-1.1.4/lib/ruby/gems/1.8/gems/actionpack-2.1.0/lib/action_controller/dispatcher.rb:107:in `dispatch'
    C:/Program Files/NetBeans 6.5.1/ruby2/jruby-1.1.4/lib/ruby/gems/1.8/gems/actionpack-2.1.0/lib/action_controller/dispatcher.rb:104:in `dispatch'
    C:/Program Files/NetBeans 6.5.1/ruby2/jruby-1.1.4/lib/ruby/gems/1.8/gems/actionpack-2.1.0/lib/action_controller/dispatcher.rb:120:in `dispatch_cgi'
    C:/Program Files/NetBeans 6.5.1/ruby2/jruby-1.1.4/lib/ruby/gems/1.8/gems/actionpack-2.1.0/lib/action_controller/dispatcher.rb:35:in `dispatch'
    C:/Program Files/NetBeans 6.5.1/ruby2/jruby-1.1.4/lib/ruby/gems/1.8/gems/rails-2.1.0/lib/webrick_server.rb:112:in `handle_dispatch'
    C:/Program Files/NetBeans 6.5.1/ruby2/jruby-1.1.4/lib/ruby/gems/1.8/gems/rails-2.1.0/lib/webrick_server.rb:78:in `service'
    C:/Program Files/NetBeans 6.5.1/ruby2/jruby-1.1.4/lib/ruby/1.8/webrick/httpserver.rb:104:in `service'
    C:/Program Files/NetBeans 6.5.1/ruby2/jruby-1.1.4/lib/ruby/1.8/webrick/httpserver.rb:65:in `run'
    C:/Program Files/NetBeans 6.5.1/ruby2/jruby-1.1.4/lib/ruby/1.8/webrick/server.rb:173:in `start_thread'
    :1:in `start'

Rendering C:/Program Files/NetBeans 6.5.1/ruby2/jruby-1.1.4/lib/ruby/gems/1.8/gems/actionpack-2.1.0/lib/action_controller/templates/rescues/layout.erb (not_found)


Processing ApplicationController#index (for 127.0.0.1 at 2009-05-08 18:57:40) [GET]
  Session ID: BAh7BiIKZmxhc2hJQzonQWN0aW9uQ29udHJvbGxlcjo6Rmxhc2g6OkZsYXNo
SGFzaHsABjoKQHVzZWR7AA==--5be26fc27aa9b3631e39b18af76e0e2902b2defa
  Parameters: {}


ActionController::RoutingError (No route matches "/help" with {:method=>:get}):
    C:/Program Files/NetBeans 6.5.1/ruby2/jruby-1.1.4/lib/ruby/gems/1.8/gems/actionpack-2.1.0/lib/action_controller/routing/recognition_optimisation.rb:67:in `recognize_path'
    C:/Program Files/NetBeans 6.5.1/ruby2/jruby-1.1.4/lib/ruby/gems/1.8/gems/actionpack-2.1.0/lib/action_controller/routing/route_set.rb:384:in `recognize'
    C:/Program Files/NetBeans 6.5.1/ruby2/jruby-1.1.4/lib/ruby/gems/1.8/gems/actionpack-2.1.0/lib/action_controller/dispatcher.rb:148:in `handle_request'
    C:/Program Files/NetBeans 6.5.1/ruby2/jruby-1.1.4/lib/ruby/gems/1.8/gems/actionpack-2.1.0/lib/action_controller/dispatcher.rb:107:in `dispatch'
    C:/Program Files/NetBeans 6.5.1/ruby2/jruby-1.1.4/lib/ruby/gems/1.8/gems/actionpack-2.1.0/lib/action_controller/dispatcher.rb:104:in `dispatch'
    C:/Program Files/NetBeans 6.5.1/ruby2/jruby-1.1.4/lib/ruby/gems/1.8/gems/actionpack-2.1.0/lib/action_controller/dispatcher.rb:120:in `dispatch_cgi'
    C:/Program Files/NetBeans 6.5.1/ruby2/jruby-1.1.4/lib/ruby/gems/1.8/gems/actionpack-2.1.0/lib/action_controller/dispatcher.rb:35:in `dispatch'
    C:/Program Files/NetBeans 6.5.1/ruby2/jruby-1.1.4/lib/ruby/gems/1.8/gems/rails-2.1.0/lib/webrick_server.rb:112:in `handle_dispatch'
    C:/Program Files/NetBeans 6.5.1/ruby2/jruby-1.1.4/lib/ruby/gems/1.8/gems/rails-2.1.0/lib/webrick_server.rb:78:in `service'
    C:/Program Files/NetBeans 6.5.1/ruby2/jruby-1.1.4/lib/ruby/1.8/webrick/httpserver.rb:104:in `service'
    C:/Program Files/NetBeans 6.5.1/ruby2/jruby-1.1.4/lib/ruby/1.8/webrick/httpserver.rb:65:in `run'
    C:/Program Files/NetBeans 6.5.1/ruby2/jruby-1.1.4/lib/ruby/1.8/webrick/server.rb:173:in `start_thread'
    :1:in `start'

Rendering C:/Program Files/NetBeans 6.5.1/ruby2/jruby-1.1.4/lib/ruby/gems/1.8/gems/actionpack-2.1.0/lib/action_controller/templates/rescues/layout.erb (not_found)


Processing ApplicationController#index (for 127.0.0.1 at 2009-05-08 18:58:19) [GET]
  Session ID: BAh7BiIKZmxhc2hJQzonQWN0aW9uQ29udHJvbGxlcjo6Rmxhc2g6OkZsYXNo
SGFzaHsABjoKQHVzZWR7AA==--5be26fc27aa9b3631e39b18af76e0e2902b2defa
  Parameters: {}


ActionController::RoutingError (No route matches "/help" with {:method=>:get}):
    C:/Program Files/NetBeans 6.5.1/ruby2/jruby-1.1.4/lib/ruby/gems/1.8/gems/actionpack-2.1.0/lib/action_controller/routing/recognition_optimisation.rb:67:in `recognize_path'
    C:/Program Files/NetBeans 6.5.1/ruby2/jruby-1.1.4/lib/ruby/gems/1.8/gems/actionpack-2.1.0/lib/action_controller/routing/route_set.rb:384:in `recognize'
    C:/Program Files/NetBeans 6.5.1/ruby2/jruby-1.1.4/lib/ruby/gems/1.8/gems/actionpack-2.1.0/lib/action_controller/dispatcher.rb:148:in `handle_request'
    C:/Program Files/NetBeans 6.5.1/ruby2/jruby-1.1.4/lib/ruby/gems/1.8/gems/actionpack-2.1.0/lib/action_controller/dispatcher.rb:107:in `dispatch'
    C:/Program Files/NetBeans 6.5.1/ruby2/jruby-1.1.4/lib/ruby/gems/1.8/gems/actionpack-2.1.0/lib/action_controller/dispatcher.rb:104:in `dispatch'
    C:/Program Files/NetBeans 6.5.1/ruby2/jruby-1.1.4/lib/ruby/gems/1.8/gems/actionpack-2.1.0/lib/action_controller/dispatcher.rb:120:in `dispatch_cgi'
    C:/Program Files/NetBeans 6.5.1/ruby2/jruby-1.1.4/lib/ruby/gems/1.8/gems/actionpack-2.1.0/lib/action_controller/dispatcher.rb:35:in `dispatch'
    C:/Program Files/NetBeans 6.5.1/ruby2/jruby-1.1.4/lib/ruby/gems/1.8/gems/rails-2.1.0/lib/webrick_server.rb:112:in `handle_dispatch'
    C:/Program Files/NetBeans 6.5.1/ruby2/jruby-1.1.4/lib/ruby/gems/1.8/gems/rails-2.1.0/lib/webrick_server.rb:78:in `service'
    C:/Program Files/NetBeans 6.5.1/ruby2/jruby-1.1.4/lib/ruby/1.8/webrick/httpserver.rb:104:in `service'
    C:/Program Files/NetBeans 6.5.1/ruby2/jruby-1.1.4/lib/ruby/1.8/webrick/httpserver.rb:65:in `run'
    C:/Program Files/NetBeans 6.5.1/ruby2/jruby-1.1.4/lib/ruby/1.8/webrick/server.rb:173:in `start_thread'
    :1:in `start'

Rendering C:/Program Files/NetBeans 6.5.1/ruby2/jruby-1.1.4/lib/ruby/gems/1.8/gems/actionpack-2.1.0/lib/action_controller/templates/rescues/layout.erb (not_found)


Processing SiteController#index (for 127.0.0.1 at 2009-05-08 18:59:23) [GET]
  Session ID: BAh7BiIKZmxhc2hJQzonQWN0aW9uQ29udHJvbGxlcjo6Rmxhc2g6OkZsYXNo
SGFzaHsABjoKQHVzZWR7AA==--5be26fc27aa9b3631e39b18af76e0e2902b2defa
  Parameters: {"controller"=>"site", "action"=>"index"}
Rendering template within layouts/site
Rendering site/index
Completed in 0.02002 (49 reqs/sec) | Rendering: 0.01233 (61%) | DB: 0.00000 (0%) | 200 OK [http://localhost/]


Processing SiteController#index (for 127.0.0.1 at 2009-05-08 19:03:40) [GET]
  Session ID: BAh7BiIKZmxhc2hJQzonQWN0aW9uQ29udHJvbGxlcjo6Rmxhc2g6OkZsYXNo
SGFzaHsABjoKQHVzZWR7AA==--5be26fc27aa9b3631e39b18af76e0e2902b2defa
  Parameters: {"controller"=>"site", "action"=>"index"}
Rendering template within layouts/site
Rendering site/index
Completed in 0.03525 (28 reqs/sec) | Rendering: 0.02818 (79%) | DB: 0.00000 (0%) | 200 OK [http://localhost/]


Processing ApplicationController#index (for 127.0.0.1 at 2009-05-08 19:03:41) [GET]
  Session ID: BAh7BiIKZmxhc2hJQzonQWN0aW9uQ29udHJvbGxlcjo6Rmxhc2g6OkZsYXNo
SGFzaHsABjoKQHVzZWR7AA==--5be26fc27aa9b3631e39b18af76e0e2902b2defa
  Parameters: {}


ActionController::RoutingError (No route matches "/stylesheets/site.css" with {:method=>:get}):
    C:/Program Files/NetBeans 6.5.1/ruby2/jruby-1.1.4/lib/ruby/gems/1.8/gems/actionpack-2.1.0/lib/action_controller/routing/recognition_optimisation.rb:67:in `recognize_path'
    C:/Program Files/NetBeans 6.5.1/ruby2/jruby-1.1.4/lib/ruby/gems/1.8/gems/actionpack-2.1.0/lib/action_controller/routing/route_set.rb:384:in `recognize'
    C:/Program Files/NetBeans 6.5.1/ruby2/jruby-1.1.4/lib/ruby/gems/1.8/gems/actionpack-2.1.0/lib/action_controller/dispatcher.rb:148:in `handle_request'
    C:/Program Files/NetBeans 6.5.1/ruby2/jruby-1.1.4/lib/ruby/gems/1.8/gems/actionpack-2.1.0/lib/action_controller/dispatcher.rb:107:in `dispatch'
    C:/Program Files/NetBeans 6.5.1/ruby2/jruby-1.1.4/lib/ruby/gems/1.8/gems/actionpack-2.1.0/lib/action_controller/dispatcher.rb:104:in `dispatch'
    C:/Program Files/NetBeans 6.5.1/ruby2/jruby-1.1.4/lib/ruby/gems/1.8/gems/actionpack-2.1.0/lib/action_controller/dispatcher.rb:120:in `dispatch_cgi'
    C:/Program Files/NetBeans 6.5.1/ruby2/jruby-1.1.4/lib/ruby/gems/1.8/gems/actionpack-2.1.0/lib/action_controller/dispatcher.rb:35:in `dispatch'
    C:/Program Files/NetBeans 6.5.1/ruby2/jruby-1.1.4/lib/ruby/gems/1.8/gems/rails-2.1.0/lib/webrick_server.rb:112:in `handle_dispatch'
    C:/Program Files/NetBeans 6.5.1/ruby2/jruby-1.1.4/lib/ruby/gems/1.8/gems/rails-2.1.0/lib/webrick_server.rb:78:in `service'
    C:/Program Files/NetBeans 6.5.1/ruby2/jruby-1.1.4/lib/ruby/1.8/webrick/httpserver.rb:104:in `service'
    C:/Program Files/NetBeans 6.5.1/ruby2/jruby-1.1.4/lib/ruby/1.8/webrick/httpserver.rb:65:in `run'
    C:/Program Files/NetBeans 6.5.1/ruby2/jruby-1.1.4/lib/ruby/1.8/webrick/server.rb:173:in `start_thread'
    :1:in `start'

Rendering C:/Program Files/NetBeans 6.5.1/ruby2/jruby-1.1.4/lib/ruby/gems/1.8/gems/actionpack-2.1.0/lib/action_controller/templates/rescues/layout.erb (not_found)


Processing SiteController#about (for 127.0.0.1 at 2009-05-08 19:03:42) [GET]
  Session ID: BAh7BiIKZmxhc2hJQzonQWN0aW9uQ29udHJvbGxlcjo6Rmxhc2g6OkZsYXNo
SGFzaHsABjoKQHVzZWR7AA==--5be26fc27aa9b3631e39b18af76e0e2902b2defa
  Parameters: {"controller"=>"site", "action"=>"about"}
Rendering template within layouts/site
Rendering site/about
Completed in 0.02089 (47 reqs/sec) | Rendering: 0.01682 (80%) | DB: 0.00000 (0%) | 200 OK [http://localhost/site/about]


Processing ApplicationController#index (for 127.0.0.1 at 2009-05-08 19:03:42) [GET]
  Session ID: BAh7BiIKZmxhc2hJQzonQWN0aW9uQ29udHJvbGxlcjo6Rmxhc2g6OkZsYXNo
SGFzaHsABjoKQHVzZWR7AA==--5be26fc27aa9b3631e39b18af76e0e2902b2defa
  Parameters: {}


ActionController::RoutingError (No route matches "/stylesheets/site.css" with {:method=>:get}):
    C:/Program Files/NetBeans 6.5.1/ruby2/jruby-1.1.4/lib/ruby/gems/1.8/gems/actionpack-2.1.0/lib/action_controller/routing/recognition_optimisation.rb:67:in `recognize_path'
    C:/Program Files/NetBeans 6.5.1/ruby2/jruby-1.1.4/lib/ruby/gems/1.8/gems/actionpack-2.1.0/lib/action_controller/routing/route_set.rb:384:in `recognize'
    C:/Program Files/NetBeans 6.5.1/ruby2/jruby-1.1.4/lib/ruby/gems/1.8/gems/actionpack-2.1.0/lib/action_controller/dispatcher.rb:148:in `handle_request'
    C:/Program Files/NetBeans 6.5.1/ruby2/jruby-1.1.4/lib/ruby/gems/1.8/gems/actionpack-2.1.0/lib/action_controller/dispatcher.rb:107:in `dispatch'
    C:/Program Files/NetBeans 6.5.1/ruby2/jruby-1.1.4/lib/ruby/gems/1.8/gems/actionpack-2.1.0/lib/action_controller/dispatcher.rb:104:in `dispatch'
    C:/Program Files/NetBeans 6.5.1/ruby2/jruby-1.1.4/lib/ruby/gems/1.8/gems/actionpack-2.1.0/lib/action_controller/dispatcher.rb:120:in `dispatch_cgi'
    C:/Program Files/NetBeans 6.5.1/ruby2/jruby-1.1.4/lib/ruby/gems/1.8/gems/actionpack-2.1.0/lib/action_controller/dispatcher.rb:35:in `dispatch'
    C:/Program Files/NetBeans 6.5.1/ruby2/jruby-1.1.4/lib/ruby/gems/1.8/gems/rails-2.1.0/lib/webrick_server.rb:112:in `handle_dispatch'
    C:/Program Files/NetBeans 6.5.1/ruby2/jruby-1.1.4/lib/ruby/gems/1.8/gems/rails-2.1.0/lib/webrick_server.rb:78:in `service'
    C:/Program Files/NetBeans 6.5.1/ruby2/jruby-1.1.4/lib/ruby/1.8/webrick/httpserver.rb:104:in `service'
    C:/Program Files/NetBeans 6.5.1/ruby2/jruby-1.1.4/lib/ruby/1.8/webrick/httpserver.rb:65:in `run'
    C:/Program Files/NetBeans 6.5.1/ruby2/jruby-1.1.4/lib/ruby/1.8/webrick/server.rb:173:in `start_thread'
    :1:in `start'

Rendering C:/Program Files/NetBeans 6.5.1/ruby2/jruby-1.1.4/lib/ruby/gems/1.8/gems/actionpack-2.1.0/lib/action_controller/templates/rescues/layout.erb (not_found)


Processing SiteController#help (for 127.0.0.1 at 2009-05-08 19:03:43) [GET]
  Session ID: BAh7BiIKZmxhc2hJQzonQWN0aW9uQ29udHJvbGxlcjo6Rmxhc2g6OkZsYXNo
SGFzaHsABjoKQHVzZWR7AA==--5be26fc27aa9b3631e39b18af76e0e2902b2defa
  Parameters: {"controller"=>"site", "action"=>"help"}
Rendering template within layouts/site
Rendering site/help
Completed in 0.01980 (50 reqs/sec) | Rendering: 0.01692 (85%) | DB: 0.00000 (0%) | 200 OK [http://localhost/site/help]


Processing ApplicationController#index (for 127.0.0.1 at 2009-05-08 19:03:43) [GET]
  Session ID: BAh7BiIKZmxhc2hJQzonQWN0aW9uQ29udHJvbGxlcjo6Rmxhc2g6OkZsYXNo
SGFzaHsABjoKQHVzZWR7AA==--5be26fc27aa9b3631e39b18af76e0e2902b2defa
  Parameters: {}


ActionController::RoutingError (No route matches "/stylesheets/site.css" with {:method=>:get}):
    C:/Program Files/NetBeans 6.5.1/ruby2/jruby-1.1.4/lib/ruby/gems/1.8/gems/actionpack-2.1.0/lib/action_controller/routing/recognition_optimisation.rb:67:in `recognize_path'
    C:/Program Files/NetBeans 6.5.1/ruby2/jruby-1.1.4/lib/ruby/gems/1.8/gems/actionpack-2.1.0/lib/action_controller/routing/route_set.rb:384:in `recognize'
    C:/Program Files/NetBeans 6.5.1/ruby2/jruby-1.1.4/lib/ruby/gems/1.8/gems/actionpack-2.1.0/lib/action_controller/dispatcher.rb:148:in `handle_request'
    C:/Program Files/NetBeans 6.5.1/ruby2/jruby-1.1.4/lib/ruby/gems/1.8/gems/actionpack-2.1.0/lib/action_controller/dispatcher.rb:107:in `dispatch'
    C:/Program Files/NetBeans 6.5.1/ruby2/jruby-1.1.4/lib/ruby/gems/1.8/gems/actionpack-2.1.0/lib/action_controller/dispatcher.rb:104:in `dispatch'
    C:/Program Files/NetBeans 6.5.1/ruby2/jruby-1.1.4/lib/ruby/gems/1.8/gems/actionpack-2.1.0/lib/action_controller/dispatcher.rb:120:in `dispatch_cgi'
    C:/Program Files/NetBeans 6.5.1/ruby2/jruby-1.1.4/lib/ruby/gems/1.8/gems/actionpack-2.1.0/lib/action_controller/dispatcher.rb:35:in `dispatch'
    C:/Program Files/NetBeans 6.5.1/ruby2/jruby-1.1.4/lib/ruby/gems/1.8/gems/rails-2.1.0/lib/webrick_server.rb:112:in `handle_dispatch'
    C:/Program Files/NetBeans 6.5.1/ruby2/jruby-1.1.4/lib/ruby/gems/1.8/gems/rails-2.1.0/lib/webrick_server.rb:78:in `service'
    C:/Program Files/NetBeans 6.5.1/ruby2/jruby-1.1.4/lib/ruby/1.8/webrick/httpserver.rb:104:in `service'
    C:/Program Files/NetBeans 6.5.1/ruby2/jruby-1.1.4/lib/ruby/1.8/webrick/httpserver.rb:65:in `run'
    C:/Program Files/NetBeans 6.5.1/ruby2/jruby-1.1.4/lib/ruby/1.8/webrick/server.rb:173:in `start_thread'
    :1:in `start'

Rendering C:/Program Files/NetBeans 6.5.1/ruby2/jruby-1.1.4/lib/ruby/gems/1.8/gems/actionpack-2.1.0/lib/action_controller/templates/rescues/layout.erb (not_found)


Processing SiteController#about (for 127.0.0.1 at 2009-05-08 19:03:44) [GET]
  Session ID: BAh7BiIKZmxhc2hJQzonQWN0aW9uQ29udHJvbGxlcjo6Rmxhc2g6OkZsYXNo
SGFzaHsABjoKQHVzZWR7AA==--5be26fc27aa9b3631e39b18af76e0e2902b2defa
  Parameters: {"controller"=>"site", "action"=>"about"}
Rendering template within layouts/site
Rendering site/about
Completed in 0.01443 (69 reqs/sec) | Rendering: 0.01156 (80%) | DB: 0.00000 (0%) | 200 OK [http://localhost/site/about]


Processing ApplicationController#index (for 127.0.0.1 at 2009-05-08 19:03:44) [GET]
  Session ID: BAh7BiIKZmxhc2hJQzonQWN0aW9uQ29udHJvbGxlcjo6Rmxhc2g6OkZsYXNo
SGFzaHsABjoKQHVzZWR7AA==--5be26fc27aa9b3631e39b18af76e0e2902b2defa
  Parameters: {}


ActionController::RoutingError (No route matches "/stylesheets/site.css" with {:method=>:get}):
    C:/Program Files/NetBeans 6.5.1/ruby2/jruby-1.1.4/lib/ruby/gems/1.8/gems/actionpack-2.1.0/lib/action_controller/routing/recognition_optimisation.rb:67:in `recognize_path'
    C:/Program Files/NetBeans 6.5.1/ruby2/jruby-1.1.4/lib/ruby/gems/1.8/gems/actionpack-2.1.0/lib/action_controller/routing/route_set.rb:384:in `recognize'
    C:/Program Files/NetBeans 6.5.1/ruby2/jruby-1.1.4/lib/ruby/gems/1.8/gems/actionpack-2.1.0/lib/action_controller/dispatcher.rb:148:in `handle_request'
    C:/Program Files/NetBeans 6.5.1/ruby2/jruby-1.1.4/lib/ruby/gems/1.8/gems/actionpack-2.1.0/lib/action_controller/dispatcher.rb:107:in `dispatch'
    C:/Program Files/NetBeans 6.5.1/ruby2/jruby-1.1.4/lib/ruby/gems/1.8/gems/actionpack-2.1.0/lib/action_controller/dispatcher.rb:104:in `dispatch'
    C:/Program Files/NetBeans 6.5.1/ruby2/jruby-1.1.4/lib/ruby/gems/1.8/gems/actionpack-2.1.0/lib/action_controller/dispatcher.rb:120:in `dispatch_cgi'
    C:/Program Files/NetBeans 6.5.1/ruby2/jruby-1.1.4/lib/ruby/gems/1.8/gems/actionpack-2.1.0/lib/action_controller/dispatcher.rb:35:in `dispatch'
    C:/Program Files/NetBeans 6.5.1/ruby2/jruby-1.1.4/lib/ruby/gems/1.8/gems/rails-2.1.0/lib/webrick_server.rb:112:in `handle_dispatch'
    C:/Program Files/NetBeans 6.5.1/ruby2/jruby-1.1.4/lib/ruby/gems/1.8/gems/rails-2.1.0/lib/webrick_server.rb:78:in `service'
    C:/Program Files/NetBeans 6.5.1/ruby2/jruby-1.1.4/lib/ruby/1.8/webrick/httpserver.rb:104:in `service'
    C:/Program Files/NetBeans 6.5.1/ruby2/jruby-1.1.4/lib/ruby/1.8/webrick/httpserver.rb:65:in `run'
    C:/Program Files/NetBeans 6.5.1/ruby2/jruby-1.1.4/lib/ruby/1.8/webrick/server.rb:173:in `start_thread'
    :1:in `start'

Rendering C:/Program Files/NetBeans 6.5.1/ruby2/jruby-1.1.4/lib/ruby/gems/1.8/gems/actionpack-2.1.0/lib/action_controller/templates/rescues/layout.erb (not_found)


Processing SiteController#index (for 127.0.0.1 at 2009-05-08 19:03:45) [GET]
  Session ID: BAh7BiIKZmxhc2hJQzonQWN0aW9uQ29udHJvbGxlcjo6Rmxhc2g6OkZsYXNo
SGFzaHsABjoKQHVzZWR7AA==--5be26fc27aa9b3631e39b18af76e0e2902b2defa
  Parameters: {"controller"=>"site", "action"=>"index"}
Rendering template within layouts/site
Rendering site/index
Completed in 0.01930 (51 reqs/sec) | Rendering: 0.01654 (85%) | DB: 0.00000 (0%) | 200 OK [http://localhost/]


Processing ApplicationController#index (for 127.0.0.1 at 2009-05-08 19:03:45) [GET]
  Session ID: BAh7BiIKZmxhc2hJQzonQWN0aW9uQ29udHJvbGxlcjo6Rmxhc2g6OkZsYXNo
SGFzaHsABjoKQHVzZWR7AA==--5be26fc27aa9b3631e39b18af76e0e2902b2defa
  Parameters: {}


ActionController::RoutingError (No route matches "/stylesheets/site.css" with {:method=>:get}):
    C:/Program Files/NetBeans 6.5.1/ruby2/jruby-1.1.4/lib/ruby/gems/1.8/gems/actionpack-2.1.0/lib/action_controller/routing/recognition_optimisation.rb:67:in `recognize_path'
    C:/Program Files/NetBeans 6.5.1/ruby2/jruby-1.1.4/lib/ruby/gems/1.8/gems/actionpack-2.1.0/lib/action_controller/routing/route_set.rb:384:in `recognize'
    C:/Program Files/NetBeans 6.5.1/ruby2/jruby-1.1.4/lib/ruby/gems/1.8/gems/actionpack-2.1.0/lib/action_controller/dispatcher.rb:148:in `handle_request'
    C:/Program Files/NetBeans 6.5.1/ruby2/jruby-1.1.4/lib/ruby/gems/1.8/gems/actionpack-2.1.0/lib/action_controller/dispatcher.rb:107:in `dispatch'
    C:/Program Files/NetBeans 6.5.1/ruby2/jruby-1.1.4/lib/ruby/gems/1.8/gems/actionpack-2.1.0/lib/action_controller/dispatcher.rb:104:in `dispatch'
    C:/Program Files/NetBeans 6.5.1/ruby2/jruby-1.1.4/lib/ruby/gems/1.8/gems/actionpack-2.1.0/lib/action_controller/dispatcher.rb:120:in `dispatch_cgi'
    C:/Program Files/NetBeans 6.5.1/ruby2/jruby-1.1.4/lib/ruby/gems/1.8/gems/actionpack-2.1.0/lib/action_controller/dispatcher.rb:35:in `dispatch'
    C:/Program Files/NetBeans 6.5.1/ruby2/jruby-1.1.4/lib/ruby/gems/1.8/gems/rails-2.1.0/lib/webrick_server.rb:112:in `handle_dispatch'
    C:/Program Files/NetBeans 6.5.1/ruby2/jruby-1.1.4/lib/ruby/gems/1.8/gems/rails-2.1.0/lib/webrick_server.rb:78:in `service'
    C:/Program Files/NetBeans 6.5.1/ruby2/jruby-1.1.4/lib/ruby/1.8/webrick/httpserver.rb:104:in `service'
    C:/Program Files/NetBeans 6.5.1/ruby2/jruby-1.1.4/lib/ruby/1.8/webrick/httpserver.rb:65:in `run'
    C:/Program Files/NetBeans 6.5.1/ruby2/jruby-1.1.4/lib/ruby/1.8/webrick/server.rb:173:in `start_thread'
    :1:in `start'

Rendering C:/Program Files/NetBeans 6.5.1/ruby2/jruby-1.1.4/lib/ruby/gems/1.8/gems/actionpack-2.1.0/lib/action_controller/templates/rescues/layout.erb (not_found)


Processing SiteController#index (for 127.0.0.1 at 2009-05-08 19:05:42) [GET]
  Session ID: BAh7BiIKZmxhc2hJQzonQWN0aW9uQ29udHJvbGxlcjo6Rmxhc2g6OkZsYXNo
SGFzaHsABjoKQHVzZWR7AA==--5be26fc27aa9b3631e39b18af76e0e2902b2defa
  Parameters: {"controller"=>"site", "action"=>"index"}
Rendering template within layouts/site
Rendering site/index
Completed in 0.01247 (80 reqs/sec) | Rendering: 0.01040 (83%) | DB: 0.00000 (0%) | 200 OK [http://localhost/]


Processing SiteController#about (for 127.0.0.1 at 2009-05-08 19:05:48) [GET]
  Session ID: BAh7BiIKZmxhc2hJQzonQWN0aW9uQ29udHJvbGxlcjo6Rmxhc2g6OkZsYXNo
SGFzaHsABjoKQHVzZWR7AA==--5be26fc27aa9b3631e39b18af76e0e2902b2defa
  Parameters: {"controller"=>"site", "action"=>"about"}
Rendering template within layouts/site
Rendering site/about
Completed in 0.02126 (47 reqs/sec) | Rendering: 0.01612 (75%) | DB: 0.00000 (0%) | 200 OK [http://localhost/site/about]


Processing SiteController#help (for 127.0.0.1 at 2009-05-08 19:05:49) [GET]
  Session ID: BAh7BiIKZmxhc2hJQzonQWN0aW9uQ29udHJvbGxlcjo6Rmxhc2g6OkZsYXNo
SGFzaHsABjoKQHVzZWR7AA==--5be26fc27aa9b3631e39b18af76e0e2902b2defa
  Parameters: {"controller"=>"site", "action"=>"help"}
Rendering template within layouts/site
Rendering site/help
Completed in 0.01679 (59 reqs/sec) | Rendering: 0.01398 (83%) | DB: 0.00000 (0%) | 200 OK [http://localhost/site/help]


Processing SiteController#about (for 127.0.0.1 at 2009-05-08 19:05:50) [GET]
  Session ID: BAh7BiIKZmxhc2hJQzonQWN0aW9uQ29udHJvbGxlcjo6Rmxhc2g6OkZsYXNo
SGFzaHsABjoKQHVzZWR7AA==--5be26fc27aa9b3631e39b18af76e0e2902b2defa
  Parameters: {"controller"=>"site", "action"=>"about"}
Rendering template within layouts/site
Rendering site/about
Completed in 0.01829 (54 reqs/sec) | Rendering: 0.01530 (83%) | DB: 0.00000 (0%) | 200 OK [http://localhost/site/about]


Processing SiteController#index (for 127.0.0.1 at 2009-05-08 19:05:51) [GET]
  Session ID: BAh7BiIKZmxhc2hJQzonQWN0aW9uQ29udHJvbGxlcjo6Rmxhc2g6OkZsYXNo
SGFzaHsABjoKQHVzZWR7AA==--5be26fc27aa9b3631e39b18af76e0e2902b2defa
  Parameters: {"controller"=>"site", "action"=>"index"}
Rendering template within layouts/site
Rendering site/index
Completed in 0.06634 (15 reqs/sec) | Rendering: 0.06421 (96%) | DB: 0.00000 (0%) | 200 OK [http://localhost/]
WARNING: You're using the Ruby-based MySQL library that ships with Rails. This library is not suited for production. Please install the C-based MySQL library instead (gem install mysql).
  [4;36;1mSQL (0.001063)[0m   [0;1mSET NAMES 'utf8'[0m
  [4;35;1mSQL (0.001152)[0m   [0mSET SQL_AUTO_IS_NULL=0[0m
  [4;36;1mSQL (0.002682)[0m   [0;1mSHOW TABLES[0m
  [4;35;1mSQL (0.070333)[0m   [0mCREATE TABLE `schema_migrations` (`version` varchar(255) NOT NULL) ENGINE=InnoDB[0m
  [4;36;1mSQL (0.131082)[0m   [0;1mCREATE UNIQUE INDEX `unique_schema_migrations` ON `schema_migrations` (`version`)[0m
  [4;35;1mSQL (0.002189)[0m   [0mSHOW TABLES[0m
  [4;36;1mSQL (0.002987)[0m   [0;1mSELECT version FROM schema_migrations[0m
Migrating to CreateUsers (20090508232714)
  [4;35;1mSQL (0.211259)[0m   [0mSELECT version FROM schema_migrations[0m
  [4;36;1mSQL (0.066285)[0m   [0;1mCREATE TABLE `users` (`id` int(11) DEFAULT NULL auto_increment PRIMARY KEY, `screen_name` varchar(255) DEFAULT NULL NULL, `email` varchar(255) DEFAULT NULL NULL, `password` varchar(255) DEFAULT NULL NULL) ENGINE=InnoDB[0m
  [4;35;1mSQL (0.021295)[0m   [0mINSERT INTO schema_migrations (version) VALUES ('20090508232714')[0m
  [4;36;1mSQL (0.001830)[0m   [0;1mSELECT version FROM schema_migrations[0m
  [4;35;1mSQL (0.002087)[0m   [0mSHOW TABLES[0m
  [4;36;1mSQL (0.006216)[0m   [0;1mSHOW FIELDS FROM `users`[0m
  [4;35;1mSQL (0.011693)[0m   [0mdescribe `users`[0m
  [4;36;1mSQL (0.011186)[0m   [0;1mSHOW KEYS FROM `users`[0m
WARNING: You're using the Ruby-based MySQL library that ships with Rails. This library is not suited for production. Please install the C-based MySQL library instead (gem install mysql).
  [4;36;1mSQL (0.000959)[0m   [0;1mSET NAMES 'utf8'[0m
  [4;35;1mSQL (0.001427)[0m   [0mSET SQL_AUTO_IS_NULL=0[0m
  [4;36;1mSQL (0.002517)[0m   [0;1mSHOW TABLES[0m
  [4;35;1mSQL (0.002183)[0m   [0mSELECT version FROM schema_migrations[0m
Migrating to CreateUsers (20090508232714)
  [4;36;1mSQL (0.002332)[0m   [0;1mSELECT version FROM schema_migrations[0m
Migrating to AddUserTimestamps (20090508233247)
  [4;35;1mSQL (0.001828)[0m   [0mSELECT version FROM schema_migrations[0m
  [4;36;1mSQL (0.212938)[0m   [0;1mALTER TABLE `users` ADD `created_at` datetime[0m
  [4;35;1mSQL (0.139052)[0m   [0mALTER TABLE `users` ADD `updated_at` datetime[0m
  [4;36;1mSQL (0.016144)[0m   [0;1mINSERT INTO schema_migrations (version) VALUES ('20090508233247')[0m
  [4;35;1mSQL (0.002382)[0m   [0mSELECT version FROM schema_migrations[0m
  [4;36;1mSQL (0.002481)[0m   [0;1mSHOW TABLES[0m
  [4;35;1mSQL (0.020576)[0m   [0mSHOW FIELDS FROM `users`[0m
  [4;36;1mSQL (0.016197)[0m   [0;1mdescribe `users`[0m
  [4;35;1mSQL (0.007797)[0m   [0mSHOW KEYS FROM `users`[0m
